<?xml version="1.0" encoding="UTF-8"?>
<testng-results skipped="0" failed="0" ignored="0" total="1" passed="1">
  <reporter-output>
  </reporter-output>
  <suite name="Default suite" duration-ms="42451" started-at="2020-11-24T09:32:08Z" finished-at="2020-11-24T09:32:51Z">
    <groups>
    </groups>
    <test name="Default test" duration-ms="42451" started-at="2020-11-24T09:32:08Z" finished-at="2020-11-24T09:32:51Z">
      <class name="com.scripts.DemoWorkShop.DemoWorkShopFunction">
        <test-method status="PASS" signature="initialization()[pri:0, instance:com.scripts.DemoWorkShop.DemoWorkShopFunction@f6c48ac]" name="initialization" is-config="true" duration-ms="11600" started-at="2020-11-24T09:32:08Z" finished-at="2020-11-24T09:32:20Z">
          <reporter-output>
          </reporter-output>
        </test-method> <!-- initialization -->
        <test-method status="PASS" signature="endToEndScenario()[pri:0, instance:com.scripts.DemoWorkShop.DemoWorkShopFunction@f6c48ac]" name="endToEndScenario" duration-ms="29757" started-at="2020-11-24T09:32:20Z" finished-at="2020-11-24T09:32:50Z">
          <reporter-output>
          </reporter-output>
        </test-method> <!-- endToEndScenario -->
        <test-method status="PASS" signature="closeBrowser()[pri:0, instance:com.scripts.DemoWorkShop.DemoWorkShopFunction@f6c48ac]" name="closeBrowser" is-config="true" duration-ms="1039" started-at="2020-11-24T09:32:50Z" finished-at="2020-11-24T09:32:51Z">
          <reporter-output>
          </reporter-output>
        </test-method> <!-- closeBrowser -->
      </class> <!-- com.scripts.DemoWorkShop.DemoWorkShopFunction -->
    </test> <!-- Default test -->
  </suite> <!-- Default suite -->
</testng-results>
